0 verbose cli /data/data/com.termux/files/usr/bin/node /data/data/com.termux/files/usr/bin/npm
1 info using npm@11.17.0
2 info using node@v26.3.1
3 silly config load:file:/data/data/com.termux/files/usr/lib/node_modules/npm/npmrc
4 silly config load:file:/data/data/com.termux/files/home/cineflix-api/.npmrc
5 silly config load:file:/data/data/com.termux/files/home/.npmrc
6 silly config load:file:/data/data/com.termux/files/usr/etc/npmrc
7 verbose title npm install express axios cheerio
8 verbose argv "install" "express" "axios" "cheerio"
9 verbose logfile logs-max:10 dir:/data/data/com.termux/files/home/.npm/_logs/2026-07-14T19_24_03_836Z-
10 verbose logfile /data/data/com.termux/files/home/.npm/_logs/2026-07-14T19_24_03_836Z-debug-0.log
11 silly logfile start cleaning logs, removing 2 files
12 silly packumentCache heap:1082392576 maxSize:270598144 maxEntrySize:135299072
13 silly logfile done cleaning log files
14 silly idealTree buildDeps
15 silly fetch manifest express@*
16 silly packumentCache full:https://registry.npmjs.org/express cache-miss
17 http fetch GET 200 https://registry.npmjs.org/express 861ms (cache updated)
18 silly packumentCache full:https://registry.npmjs.org/express set size:undefined disposed:false
19 silly fetch manifest axios@*
20 silly packumentCache full:https://registry.npmjs.org/axios cache-miss
21 http fetch GET 200 https://registry.npmjs.org/axios 231ms (cache revalidated)
22 silly packumentCache full:https://registry.npmjs.org/axios set size:844109 disposed:false
23 silly fetch manifest cheerio@*
24 silly packumentCache full:https://registry.npmjs.org/cheerio cache-miss
25 http fetch GET 200 https://registry.npmjs.org/cheerio 236ms (cache revalidated)
26 silly packumentCache full:https://registry.npmjs.org/cheerio set size:169071 disposed:false
27 silly placeDep ROOT axios@1.18.1 OK for: cineflix-api@1.0.0 want: *
28 silly placeDep ROOT cheerio@1.2.0 OK for: cineflix-api@1.0.0 want: *
29 silly placeDep ROOT express@5.2.1 OK for: cineflix-api@1.0.0 want: *
30 silly fetch manifest form-data@^4.0.5
31 silly packumentCache full:https://registry.npmjs.org/form-data cache-miss
32 silly fetch manifest proxy-from-env@^2.1.0
33 silly packumentCache full:https://registry.npmjs.org/proxy-from-env cache-miss
34 silly fetch manifest follow-redirects@^1.16.0
35 silly packumentCache full:https://registry.npmjs.org/follow-redirects cache-miss
36 silly fetch manifest https-proxy-agent@^5.0.1
37 silly packumentCache full:https://registry.npmjs.org/https-proxy-agent cache-miss
38 silly fetch manifest parse5@^7.3.0
39 silly packumentCache full:https://registry.npmjs.org/parse5 cache-miss
40 silly fetch manifest undici@^7.19.0
41 silly packumentCache full:https://registry.npmjs.org/undici cache-miss
42 silly fetch manifest domutils@^3.2.2
43 silly packumentCache full:https://registry.npmjs.org/domutils cache-miss
44 http fetch GET 200 https://registry.npmjs.org/form-data 232ms (cache revalidated)
45 silly packumentCache full:https://registry.npmjs.org/form-data set size:153174 disposed:false
46 silly fetch manifest domhandler@^5.0.3
47 silly packumentCache full:https://registry.npmjs.org/domhandler cache-miss
48 http fetch GET 200 https://registry.npmjs.org/domhandler 182ms (cache revalidated)
49 silly packumentCache full:https://registry.npmjs.org/domhandler set size:78187 disposed:false
50 silly fetch manifest htmlparser2@^10.1.0
51 silly packumentCache full:https://registry.npmjs.org/htmlparser2 cache-miss
52 http fetch GET 200 https://registry.npmjs.org/parse5 616ms (cache revalidated)
53 silly packumentCache full:https://registry.npmjs.org/parse5 set size:123116 disposed:false
54 silly fetch manifest cheerio-select@^2.1.0
55 silly packumentCache full:https://registry.npmjs.org/cheerio-select cache-miss
56 http fetch GET 200 https://registry.npmjs.org/https-proxy-agent 640ms (cache revalidated)
57 silly packumentCache full:https://registry.npmjs.org/https-proxy-agent set size:83792 disposed:false
58 silly fetch manifest dom-serializer@^2.0.0
59 silly packumentCache full:https://registry.npmjs.org/dom-serializer cache-miss
60 http fetch GET 200 https://registry.npmjs.org/undici 665ms (cache revalidated)
61 silly packumentCache full:https://registry.npmjs.org/undici set size:1497166 disposed:false
62 silly fetch manifest whatwg-mimetype@^4.0.0
63 silly packumentCache full:https://registry.npmjs.org/whatwg-mimetype cache-miss
64 http fetch GET 200 https://registry.npmjs.org/proxy-from-env 790ms (cache revalidated)
65 silly packumentCache full:https://registry.npmjs.org/proxy-from-env set size:21422 disposed:false
66 silly fetch manifest encoding-sniffer@^0.2.1
67 silly packumentCache full:https://registry.npmjs.org/encoding-sniffer cache-miss
68 http fetch GET 200 https://registry.npmjs.org/domutils 787ms (cache revalidated)
69 silly packumentCache full:https://registry.npmjs.org/domutils set size:110068 disposed:false
70 silly fetch manifest parse5-parser-stream@^7.1.2
71 silly packumentCache full:https://registry.npmjs.org/parse5-parser-stream cache-miss
72 http fetch GET 200 https://registry.npmjs.org/htmlparser2 371ms (cache revalidated)
73 silly packumentCache full:https://registry.npmjs.org/htmlparser2 set size:176911 disposed:false
74 silly fetch manifest parse5-htmlparser2-tree-adapter@^7.1.0
75 silly packumentCache full:https://registry.npmjs.org/parse5-htmlparser2-tree-adapter cache-miss
76 http fetch GET 200 https://registry.npmjs.org/follow-redirects 867ms (cache revalidated)
77 silly packumentCache full:https://registry.npmjs.org/follow-redirects set size:188945 disposed:false
78 silly fetch manifest qs@^6.14.0
79 silly packumentCache full:https://registry.npmjs.org/qs cache-miss
80 http fetch GET 200 https://registry.npmjs.org/cheerio-select 406ms (cache revalidated)
81 silly packumentCache full:https://registry.npmjs.org/cheerio-select set size:36915 disposed:false
82 silly fetch manifest depd@^2.0.0
83 silly packumentCache full:https://registry.npmjs.org/depd cache-miss
84 http fetch GET 200 https://registry.npmjs.org/parse5-htmlparser2-tree-adapter 213ms (cache revalidated)
85 silly packumentCache full:https://registry.npmjs.org/parse5-htmlparser2-tree-adapter set size:24244 disposed:false
86 silly fetch manifest etag@^1.8.1
87 silly packumentCache full:https://registry.npmjs.org/etag cache-miss
88 http fetch GET 200 https://registry.npmjs.org/dom-serializer 411ms (cache revalidated)
89 silly packumentCache full:https://registry.npmjs.org/dom-serializer set size:61296 disposed:false
90 silly fetch manifest once@^1.4.0
91 silly packumentCache full:https://registry.npmjs.org/once cache-miss
92 http fetch GET 200 https://registry.npmjs.org/parse5-parser-stream 266ms (cache revalidated)
93 silly packumentCache full:https://registry.npmjs.org/parse5-parser-stream set size:21978 disposed:false
94 silly fetch manifest send@^1.1.0
95 silly packumentCache full:https://registry.npmjs.org/send cache-miss
96 http fetch GET 200 https://registry.npmjs.org/whatwg-mimetype 322ms (cache revalidated)
97 silly packumentCache full:https://registry.npmjs.org/whatwg-mimetype set size:28179 disposed:false
98 silly fetch manifest vary@^1.1.2
99 silly packumentCache full:https://registry.npmjs.org/vary cache-miss
100 http fetch GET 200 https://registry.npmjs.org/qs 242ms (cache revalidated)
101 silly packumentCache full:https://registry.npmjs.org/qs set size:360318 disposed:false
102 silly fetch manifest debug@^4.4.0
103 silly packumentCache full:https://registry.npmjs.org/debug cache-miss
104 http fetch GET 200 https://registry.npmjs.org/encoding-sniffer 433ms (cache revalidated)
105 silly packumentCache full:https://registry.npmjs.org/encoding-sniffer set size:33052 disposed:false
106 silly fetch manifest fresh@^2.0.0
107 silly packumentCache full:https://registry.npmjs.org/fresh cache-miss
108 http fetch GET 200 https://registry.npmjs.org/depd 199ms (cache revalidated)
109 silly packumentCache full:https://registry.npmjs.org/depd set size:40182 disposed:false
110 silly fetch manifest cookie@^0.7.1
111 silly packumentCache full:https://registry.npmjs.org/cookie cache-miss
112 http fetch GET 200 https://registry.npmjs.org/etag 205ms (cache revalidated)
113 silly packumentCache full:https://registry.npmjs.org/etag set size:30032 disposed:false
114 silly fetch manifest router@^2.2.0
115 silly packumentCache full:https://registry.npmjs.org/router cache-miss
116 http fetch GET 200 https://registry.npmjs.org/once 226ms (cache revalidated)
117 silly packumentCache full:https://registry.npmjs.org/once set size:11752 disposed:false
118 silly fetch manifest accepts@^2.0.0
119 silly packumentCache full:https://registry.npmjs.org/accepts cache-miss
120 http fetch GET 200 https://registry.npmjs.org/vary 278ms (cache revalidated)
121 silly packumentCache full:https://registry.npmjs.org/vary set size:15994 disposed:false
122 silly fetch manifest type-is@^2.0.1
123 silly packumentCache full:https://registry.npmjs.org/type-is cache-miss
124 http fetch GET 200 https://registry.npmjs.org/send 298ms (cache revalidated)
125 silly packumentCache full:https://registry.npmjs.org/send set size:152810 disposed:false
126 silly fetch manifest parseurl@^1.3.3
127 silly packumentCache full:https://registry.npmjs.org/parseurl cache-miss
128 http fetch GET 200 https://registry.npmjs.org/debug 242ms (cache revalidated)
129 silly packumentCache full:https://registry.npmjs.org/debug set size:195840 disposed:false
130 silly fetch manifest statuses@^2.0.1
131 silly packumentCache full:https://registry.npmjs.org/statuses cache-miss
132 http fetch GET 200 https://registry.npmjs.org/cookie 191ms (cache revalidated)
133 silly packumentCache full:https://registry.npmjs.org/cookie set size:78274 disposed:false
134 silly fetch manifest encodeurl@^2.0.0
135 silly packumentCache full:https://registry.npmjs.org/encodeurl cache-miss
136 http fetch GET 200 https://registry.npmjs.org/fresh 232ms (cache revalidated)
137 silly packumentCache full:https://registry.npmjs.org/fresh set size:25427 disposed:false
138 silly fetch manifest mime-types@^3.0.0
139 silly packumentCache full:https://registry.npmjs.org/mime-types cache-miss
140 http fetch GET 200 https://registry.npmjs.org/router 205ms (cache revalidated)
141 silly packumentCache full:https://registry.npmjs.org/router set size:116499 disposed:false
142 silly fetch manifest proxy-addr@^2.0.7
143 silly packumentCache full:https://registry.npmjs.org/proxy-addr cache-miss
144 http fetch GET 200 https://registry.npmjs.org/accepts 201ms (cache revalidated)
145 silly packumentCache full:https://registry.npmjs.org/accepts set size:77054 disposed:false
146 silly fetch manifest body-parser@^2.2.1
147 silly packumentCache full:https://registry.npmjs.org/body-parser cache-miss
148 http fetch GET 200 https://registry.npmjs.org/encodeurl 211ms (cache revalidated)
149 silly packumentCache full:https://registry.npmjs.org/encodeurl set size:12296 disposed:false
150 silly fetch manifest escape-html@^1.0.3
151 silly packumentCache full:https://registry.npmjs.org/escape-html cache-miss
152 http fetch GET 200 https://registry.npmjs.org/type-is 304ms (cache revalidated)
153 silly packumentCache full:https://registry.npmjs.org/type-is set size:88614 disposed:false
154 silly fetch manifest http-errors@^2.0.0
155 silly packumentCache full:https://registry.npmjs.org/http-errors cache-miss
156 http fetch GET 200 https://registry.npmjs.org/parseurl 296ms (cache revalidated)
157 silly packumentCache full:https://registry.npmjs.org/parseurl set size:24148 disposed:false
158 silly fetch manifest on-finished@^2.4.1
159 silly packumentCache full:https://registry.npmjs.org/on-finished cache-miss
160 http fetch GET 200 https://registry.npmjs.org/statuses 281ms (cache revalidated)
161 silly packumentCache full:https://registry.npmjs.org/statuses set size:37117 disposed:false
162 silly fetch manifest content-type@^1.0.5
163 silly packumentCache full:https://registry.npmjs.org/content-type cache-miss
164 http fetch GET 200 https://registry.npmjs.org/mime-types 240ms (cache revalidated)
165 silly packumentCache full:https://registry.npmjs.org/mime-types set size:139110 disposed:false
166 silly fetch manifest finalhandler@^2.1.0
167 silly packumentCache full:https://registry.npmjs.org/finalhandler cache-miss
168 http fetch GET 200 https://registry.npmjs.org/proxy-addr 239ms (cache revalidated)
169 silly packumentCache full:https://registry.npmjs.org/proxy-addr set size:61619 disposed:false
170 silly fetch manifest range-parser@^1.2.1
171 silly packumentCache full:https://registry.npmjs.org/range-parser cache-miss
172 http fetch GET 200 https://registry.npmjs.org/body-parser 253ms (cache revalidated)
173 silly packumentCache full:https://registry.npmjs.org/body-parser set size:204544 disposed:false
174 silly fetch manifest serve-static@^2.2.0
175 silly packumentCache full:https://registry.npmjs.org/serve-static cache-miss
176 http fetch GET 200 https://registry.npmjs.org/content-type 215ms (cache revalidated)
177 silly packumentCache full:https://registry.npmjs.org/content-type set size:18994 disposed:false
178 silly fetch manifest cookie-signature@^1.2.1
179 silly packumentCache full:https://registry.npmjs.org/cookie-signature cache-miss
180 http fetch GET 200 https://registry.npmjs.org/finalhandler 208ms (cache revalidated)
181 silly packumentCache full:https://registry.npmjs.org/finalhandler set size:79291 disposed:false
182 silly fetch manifest merge-descriptors@^2.0.0
183 silly packumentCache full:https://registry.npmjs.org/merge-descriptors cache-miss
184 http fetch GET 200 https://registry.npmjs.org/escape-html 278ms (cache revalidated)
185 silly packumentCache full:https://registry.npmjs.org/escape-html set size:7345 disposed:false
186 silly fetch manifest content-disposition@^1.0.0
187 silly packumentCache full:https://registry.npmjs.org/content-disposition cache-miss
188 http fetch GET 200 https://registry.npmjs.org/on-finished 265ms (cache revalidated)
189 silly packumentCache full:https://registry.npmjs.org/on-finished set size:23212 disposed:false
190 http fetch GET 200 https://registry.npmjs.org/http-errors 285ms (cache revalidated)
191 silly packumentCache full:https://registry.npmjs.org/http-errors set size:71987 disposed:false
192 http fetch GET 200 https://registry.npmjs.org/range-parser 267ms (cache revalidated)
193 silly packumentCache full:https://registry.npmjs.org/range-parser set size:24852 disposed:false
194 http fetch GET 200 https://registry.npmjs.org/serve-static 223ms (cache revalidated)
195 silly packumentCache full:https://registry.npmjs.org/serve-static set size:150391 disposed:false
196 http fetch GET 200 https://registry.npmjs.org/merge-descriptors 219ms (cache revalidated)
197 silly packumentCache full:https://registry.npmjs.org/merge-descriptors set size:16527 disposed:false
198 http fetch GET 200 https://registry.npmjs.org/cookie-signature 238ms (cache revalidated)
199 silly packumentCache full:https://registry.npmjs.org/cookie-signature set size:21777 disposed:false
200 http fetch GET 200 https://registry.npmjs.org/content-disposition 215ms (cache revalidated)
201 silly packumentCache full:https://registry.npmjs.org/content-disposition set size:42862 disposed:false
202 silly placeDep ROOT follow-redirects@1.16.0 OK for: axios@1.18.1 want: ^1.16.0
203 silly placeDep ROOT form-data@4.0.6 OK for: axios@1.18.1 want: ^4.0.5
204 silly placeDep ROOT https-proxy-agent@5.0.1 OK for: axios@1.18.1 want: ^5.0.1
205 silly placeDep ROOT proxy-from-env@2.1.0 OK for: axios@1.18.1 want: ^2.1.0
206 silly fetch manifest hasown@^2.0.4
207 silly packumentCache full:https://registry.npmjs.org/hasown cache-miss
208 silly fetch manifest asynckit@^0.4.0
209 silly packumentCache full:https://registry.npmjs.org/asynckit cache-miss
210 silly fetch manifest mime-types@^2.1.35
211 silly packumentCache full:https://registry.npmjs.org/mime-types cache-hit
212 silly fetch manifest combined-stream@^1.0.8
213 silly packumentCache full:https://registry.npmjs.org/combined-stream cache-miss
214 silly fetch manifest es-set-tostringtag@^2.1.0
215 silly packumentCache full:https://registry.npmjs.org/es-set-tostringtag cache-miss
216 silly fetch manifest debug@4
217 silly packumentCache full:https://registry.npmjs.org/debug cache-hit
218 silly fetch manifest agent-base@6
219 silly packumentCache full:https://registry.npmjs.org/agent-base cache-miss
220 http fetch GET 200 https://registry.npmjs.org/es-set-tostringtag 213ms (cache revalidated)
221 silly packumentCache full:https://registry.npmjs.org/es-set-tostringtag set size:22094 disposed:false
222 http fetch GET 200 https://registry.npmjs.org/hasown 227ms (cache revalidated)
223 silly packumentCache full:https://registry.npmjs.org/hasown set size:18361 disposed:false
224 http fetch GET 200 https://registry.npmjs.org/agent-base 223ms (cache revalidated)
225 silly packumentCache full:https://registry.npmjs.org/agent-base set size:72085 disposed:false
226 http fetch GET 200 https://registry.npmjs.org/combined-stream 238ms (cache revalidated)
227 silly packumentCache full:https://registry.npmjs.org/combined-stream set size:40337 disposed:false
228 http fetch GET 200 https://registry.npmjs.org/asynckit 376ms (cache revalidated)
229 silly packumentCache full:https://registry.npmjs.org/asynckit set size:18932 disposed:false
230 silly placeDep ROOT cheerio-select@2.1.0 OK for: cheerio@1.2.0 want: ^2.1.0
231 silly placeDep ROOT dom-serializer@2.0.0 OK for: cheerio@1.2.0 want: ^2.0.0
232 silly placeDep ROOT domhandler@5.0.3 OK for: cheerio@1.2.0 want: ^5.0.3
233 silly placeDep ROOT domutils@3.2.2 OK for: cheerio@1.2.0 want: ^3.2.2
234 silly placeDep ROOT encoding-sniffer@0.2.1 OK for: cheerio@1.2.0 want: ^0.2.1
235 silly placeDep ROOT htmlparser2@10.1.0 OK for: cheerio@1.2.0 want: ^10.1.0
236 silly placeDep ROOT parse5@7.3.0 OK for: cheerio@1.2.0 want: ^7.3.0
237 silly placeDep ROOT parse5-htmlparser2-tree-adapter@7.1.0 OK for: cheerio@1.2.0 want: ^7.1.0
238 silly placeDep ROOT parse5-parser-stream@7.1.2 OK for: cheerio@1.2.0 want: ^7.1.2
239 silly placeDep ROOT undici@7.28.0 OK for: cheerio@1.2.0 want: ^7.19.0
240 silly placeDep ROOT whatwg-mimetype@4.0.0 OK for: cheerio@1.2.0 want: ^4.0.0
241 silly fetch manifest boolbase@^1.0.0
242 silly packumentCache full:https://registry.npmjs.org/boolbase cache-miss
243 silly fetch manifest css-what@^6.1.0
244 silly packumentCache full:https://registry.npmjs.org/css-what cache-miss
245 silly fetch manifest domutils@^3.0.1
246 silly packumentCache full:https://registry.npmjs.org/domutils cache-hit
247 silly fetch manifest css-select@^5.1.0
248 silly packumentCache full:https://registry.npmjs.org/css-select cache-miss
249 silly fetch manifest domelementtype@^2.3.0
250 silly packumentCache full:https://registry.npmjs.org/domelementtype cache-miss
251 silly fetch manifest entities@^4.2.0
252 silly packumentCache full:https://registry.npmjs.org/entities cache-miss
253 silly fetch manifest domhandler@^5.0.2
254 silly packumentCache full:https://registry.npmjs.org/domhandler cache-hit
255 silly fetch manifest domelementtype@^2.3.0
256 silly packumentCache full:https://registry.npmjs.org/domelementtype cache-miss
257 silly fetch manifest domelementtype@^2.3.0
258 silly packumentCache full:https://registry.npmjs.org/domelementtype cache-miss
259 http fetch GET 200 https://registry.npmjs.org/css-select 231ms (cache revalidated)
260 silly packumentCache full:https://registry.npmjs.org/css-select set size:111202 disposed:false
261 silly fetch manifest domelementtype@^2.3.0
262 silly packumentCache full:https://registry.npmjs.org/domelementtype cache-miss
263 http fetch GET 200 https://registry.npmjs.org/css-what 252ms (cache revalidated)
264 silly packumentCache full:https://registry.npmjs.org/css-what set size:81721 disposed:false
265 silly fetch manifest iconv-lite@^0.6.3
266 silly packumentCache full:https://registry.npmjs.org/iconv-lite cache-miss
267 http fetch GET 200 https://registry.npmjs.org/domelementtype 246ms (cache revalidated)
268 silly packumentCache full:https://registry.npmjs.org/domelementtype set size:33363 disposed:false
269 silly fetch manifest whatwg-encoding@^3.1.1
270 silly packumentCache full:https://registry.npmjs.org/whatwg-encoding cache-miss
271 http fetch GET 200 https://registry.npmjs.org/domelementtype 270ms (cache revalidated)
272 silly packumentCache full:https://registry.npmjs.org/domelementtype set size:33363 disposed:false
273 silly packumentCache full:https://registry.npmjs.org/domelementtype dispose
274 silly fetch manifest entities@^7.0.1
275 silly packumentCache full:https://registry.npmjs.org/entities cache-miss
276 http fetch GET 200 https://registry.npmjs.org/domelementtype 275ms (cache revalidated)
277 silly packumentCache full:https://registry.npmjs.org/domelementtype set size:33363 disposed:true
278 silly packumentCache full:https://registry.npmjs.org/domelementtype dispose
279 silly fetch manifest entities@^6.0.0
280 silly packumentCache full:https://registry.npmjs.org/entities cache-miss
281 http fetch GET 200 https://registry.npmjs.org/boolbase 309ms (cache revalidated)
282 silly packumentCache full:https://registry.npmjs.org/boolbase set size:4438 disposed:false
283 http fetch GET 200 https://registry.npmjs.org/entities 304ms (cache revalidated)
284 silly packumentCache full:https://registry.npmjs.org/entities set size:101550 disposed:false
285 http cache https://registry.npmjs.org/domelementtype 100ms (cache hit)
286 silly packumentCache full:https://registry.npmjs.org/domelementtype set size:33363 disposed:true
287 silly packumentCache full:https://registry.npmjs.org/domelementtype dispose
288 http cache https://registry.npmjs.org/entities 73ms (cache hit)
289 silly packumentCache full:https://registry.npmjs.org/entities set size:101550 disposed:false
290 silly packumentCache full:https://registry.npmjs.org/entities dispose
291 http cache https://registry.npmjs.org/entities 64ms (cache hit)
292 silly packumentCache full:https://registry.npmjs.org/entities set size:101550 disposed:true
293 silly packumentCache full:https://registry.npmjs.org/entities dispose
294 http fetch GET 200 https://registry.npmjs.org/whatwg-encoding 240ms (cache revalidated)
295 silly packumentCache full:https://registry.npmjs.org/whatwg-encoding set size:25704 disposed:false
296 http fetch GET 200 https://registry.npmjs.org/iconv-lite 257ms (cache revalidated)
297 silly packumentCache full:https://registry.npmjs.org/iconv-lite set size:126478 disposed:false
298 silly placeDep ROOT boolbase@1.0.0 OK for: cheerio-select@2.1.0 want: ^1.0.0
299 silly placeDep ROOT css-select@5.2.2 OK for: cheerio-select@2.1.0 want: ^5.1.0
300 silly placeDep ROOT css-what@6.2.2 OK for: cheerio-select@2.1.0 want: ^6.1.0
301 silly placeDep ROOT domelementtype@2.3.0 OK for: cheerio-select@2.1.0 want: ^2.3.0
302 silly fetch manifest nth-check@^2.0.1
303 silly packumentCache full:https://registry.npmjs.org/nth-check cache-miss
304 http fetch GET 200 https://registry.npmjs.org/nth-check 189ms (cache revalidated)
305 silly packumentCache full:https://registry.npmjs.org/nth-check set size:27445 disposed:false
306 silly placeDep ROOT nth-check@2.1.1 OK for: css-select@5.2.2 want: ^2.0.1
307 silly placeDep ROOT entities@4.5.0 OK for: dom-serializer@2.0.0 want: ^4.2.0
308 silly placeDep ROOT iconv-lite@0.6.3 OK for: encoding-sniffer@0.2.1 want: ^0.6.3
309 silly placeDep ROOT whatwg-encoding@3.1.1 OK for: encoding-sniffer@0.2.1 want: ^3.1.1
310 silly fetch manifest safer-buffer@>= 2.1.2 < 3.0.0
311 silly packumentCache full:https://registry.npmjs.org/safer-buffer cache-miss
312 http fetch GET 200 https://registry.npmjs.org/safer-buffer 198ms (cache revalidated)
313 silly packumentCache full:https://registry.npmjs.org/safer-buffer set size:18521 disposed:false
314 silly placeDep ROOT accepts@2.0.0 OK for: express@5.2.1 want: ^2.0.0
315 silly placeDep ROOT body-parser@2.3.0 OK for: express@5.2.1 want: ^2.2.1
316 silly placeDep ROOT content-disposition@1.1.0 OK for: express@5.2.1 want: ^1.0.0
317 silly placeDep ROOT content-type@1.0.5 OK for: express@5.2.1 want: ^1.0.5
318 silly placeDep ROOT cookie@0.7.2 OK for: express@5.2.1 want: ^0.7.1
319 silly placeDep ROOT cookie-signature@1.2.2 OK for: express@5.2.1 want: ^1.2.1
320 silly placeDep ROOT debug@4.4.3 OK for: express@5.2.1 want: ^4.4.0
321 silly placeDep ROOT depd@2.0.0 OK for: express@5.2.1 want: ^2.0.0
322 silly placeDep ROOT encodeurl@2.0.0 OK for: express@5.2.1 want: ^2.0.0
323 silly placeDep ROOT escape-html@1.0.3 OK for: express@5.2.1 want: ^1.0.3
324 silly placeDep ROOT etag@1.8.1 OK for: express@5.2.1 want: ^1.8.1
325 silly placeDep ROOT finalhandler@2.1.1 OK for: express@5.2.1 want: ^2.1.0
326 silly placeDep ROOT fresh@2.0.0 OK for: express@5.2.1 want: ^2.0.0
327 silly placeDep ROOT http-errors@2.0.1 OK for: express@5.2.1 want: ^2.0.0
328 silly placeDep ROOT merge-descriptors@2.0.0 OK for: express@5.2.1 want: ^2.0.0
329 silly placeDep ROOT mime-types@3.0.2 OK for: express@5.2.1 want: ^3.0.0
330 silly placeDep ROOT on-finished@2.4.1 OK for: express@5.2.1 want: ^2.4.1
331 silly placeDep ROOT once@1.4.0 OK for: express@5.2.1 want: ^1.4.0
332 silly placeDep ROOT parseurl@1.3.3 OK for: express@5.2.1 want: ^1.3.3
333 silly placeDep ROOT proxy-addr@2.0.7 OK for: express@5.2.1 want: ^2.0.7
334 silly placeDep ROOT qs@6.15.3 OK for: express@5.2.1 want: ^6.14.0
335 silly placeDep ROOT range-parser@1.3.0 OK for: express@5.2.1 want: ^1.2.1
336 silly placeDep ROOT router@2.2.0 OK for: express@5.2.1 want: ^2.2.0
337 silly placeDep ROOT send@1.2.1 OK for: express@5.2.1 want: ^1.1.0
338 silly placeDep ROOT serve-static@2.2.1 OK for: express@5.2.1 want: ^2.2.0
339 silly placeDep ROOT statuses@2.0.2 OK for: express@5.2.1 want: ^2.0.1
340 silly placeDep ROOT type-is@2.1.0 OK for: express@5.2.1 want: ^2.0.1
341 silly placeDep ROOT vary@1.1.2 OK for: express@5.2.1 want: ^1.1.2
342 silly fetch manifest negotiator@^1.0.0
343 silly packumentCache full:https://registry.npmjs.org/negotiator cache-miss
344 silly fetch manifest qs@^6.15.2
345 silly packumentCache full:https://registry.npmjs.org/qs cache-hit
346 silly fetch manifest bytes@^3.1.2
347 silly packumentCache full:https://registry.npmjs.org/bytes cache-miss
348 silly fetch manifest debug@^4.4.3
349 silly packumentCache full:https://registry.npmjs.org/debug cache-hit
350 silly fetch manifest type-is@^2.1.0
351 silly packumentCache full:https://registry.npmjs.org/type-is cache-hit
352 silly fetch manifest raw-body@^3.0.2
353 silly packumentCache full:https://registry.npmjs.org/raw-body cache-miss
354 silly fetch manifest iconv-lite@^0.7.2
355 silly packumentCache full:https://registry.npmjs.org/iconv-lite cache-hit
356 silly fetch manifest http-errors@^2.0.1
357 silly packumentCache full:https://registry.npmjs.org/http-errors cache-hit
358 silly fetch manifest content-type@^2.0.0
359 silly packumentCache full:https://registry.npmjs.org/content-type cache-hit
360 silly fetch manifest ms@^2.1.3
361 silly packumentCache full:https://registry.npmjs.org/ms cache-miss
362 silly fetch manifest inherits@~2.0.4
363 silly packumentCache full:https://registry.npmjs.org/inherits cache-miss
364 silly fetch manifest setprototypeof@~1.2.0
365 silly packumentCache full:https://registry.npmjs.org/setprototypeof cache-miss
366 silly fetch manifest statuses@~2.0.2
367 silly packumentCache full:https://registry.npmjs.org/statuses cache-hit
368 silly fetch manifest toidentifier@~1.0.1
369 silly packumentCache full:https://registry.npmjs.org/toidentifier cache-miss
370 http fetch GET 200 https://registry.npmjs.org/ms 202ms (cache revalidated)
371 silly packumentCache full:https://registry.npmjs.org/ms set size:92208 disposed:false
372 silly fetch manifest mime-db@^1.54.0
373 silly packumentCache full:https://registry.npmjs.org/mime-db cache-miss
374 http fetch GET 200 https://registry.npmjs.org/raw-body 234ms (cache revalidated)
375 silly packumentCache full:https://registry.npmjs.org/raw-body set size:120042 disposed:false
376 silly fetch manifest ee-first@1.1.1
377 silly packumentCache full:https://registry.npmjs.org/ee-first cache-miss
378 http fetch GET 200 https://registry.npmjs.org/bytes 254ms (cache revalidated)
379 silly packumentCache full:https://registry.npmjs.org/bytes set size:37018 disposed:false
380 silly fetch manifest wrappy@1
381 silly packumentCache full:https://registry.npmjs.org/wrappy cache-miss
382 http fetch GET 200 https://registry.npmjs.org/inherits 247ms (cache revalidated)
383 silly packumentCache full:https://registry.npmjs.org/inherits set size:12925 disposed:false
384 silly fetch manifest forwarded@0.2.0
385 silly packumentCache full:https://registry.npmjs.org/forwarded cache-miss
386 http fetch GET 200 https://registry.npmjs.org/toidentifier 258ms (cache revalidated)
387 silly packumentCache full:https://registry.npmjs.org/toidentifier set size:12006 disposed:false
388 silly fetch manifest ipaddr.js@1.9.1
389 silly packumentCache full:https://registry.npmjs.org/ipaddr.js cache-miss
390 http fetch GET 200 https://registry.npmjs.org/setprototypeof 274ms (cache revalidated)
391 silly packumentCache full:https://registry.npmjs.org/setprototypeof set size:14532 disposed:false
392 silly fetch manifest side-channel@^1.1.1
393 silly packumentCache full:https://registry.npmjs.org/side-channel cache-miss
394 http fetch GET 200 https://registry.npmjs.org/negotiator 392ms (cache revalidated)
395 silly packumentCache full:https://registry.npmjs.org/negotiator set size:48046 disposed:false
396 silly fetch manifest es-define-property@^1.0.1
397 silly packumentCache full:https://registry.npmjs.org/es-define-property cache-miss
398 http fetch GET 200 https://registry.npmjs.org/ee-first 219ms (cache revalidated)
399 silly packumentCache full:https://registry.npmjs.org/ee-first set size:15327 disposed:false
400 silly fetch manifest is-promise@^4.0.0
401 silly packumentCache full:https://registry.npmjs.org/is-promise cache-miss
402 http fetch GET 200 https://registry.npmjs.org/forwarded 202ms (cache revalidated)
403 silly packumentCache full:https://registry.npmjs.org/forwarded set size:11229 disposed:false
404 silly fetch manifest path-to-regexp@^8.0.0
405 silly packumentCache full:https://registry.npmjs.org/path-to-regexp cache-miss
406 http fetch GET 200 https://registry.npmjs.org/wrappy 223ms (cache revalidated)
407 silly packumentCache full:https://registry.npmjs.org/wrappy set size:7682 disposed:false
408 silly fetch manifest statuses@^2.0.2
409 silly packumentCache full:https://registry.npmjs.org/statuses cache-hit
410 silly fetch manifest media-typer@^1.1.0
411 silly packumentCache full:https://registry.npmjs.org/media-typer cache-miss
412 http fetch GET 200 https://registry.npmjs.org/mime-db 264ms (cache revalidated)
413 silly packumentCache full:https://registry.npmjs.org/mime-db set size:164953 disposed:false
414 http fetch GET 200 https://registry.npmjs.org/ipaddr.js 223ms (cache revalidated)
415 silly packumentCache full:https://registry.npmjs.org/ipaddr.js set size:69549 disposed:false
416 http fetch GET 200 https://registry.npmjs.org/es-define-property 162ms (cache revalidated)
417 silly packumentCache full:https://registry.npmjs.org/es-define-property set size:8542 disposed:false
418 http fetch GET 200 https://registry.npmjs.org/side-channel 258ms (cache revalidated)
419 silly packumentCache full:https://registry.npmjs.org/side-channel set size:27650 disposed:false
420 http fetch GET 200 https://registry.npmjs.org/media-typer 191ms (cache revalidated)
421 silly packumentCache full:https://registry.npmjs.org/media-typer set size:22678 disposed:false
422 http fetch GET 200 https://registry.npmjs.org/is-promise 215ms (cache revalidated)
423 silly packumentCache full:https://registry.npmjs.org/is-promise set size:18599 disposed:false
424 http fetch GET 200 https://registry.npmjs.org/path-to-regexp 216ms (cache revalidated)
425 silly packumentCache full:https://registry.npmjs.org/path-to-regexp set size:216334 disposed:false
426 silly placeDep ROOT negotiator@1.0.0 OK for: accepts@2.0.0 want: ^1.0.0
427 silly placeDep ROOT bytes@3.1.2 OK for: body-parser@2.3.0 want: ^3.1.2
428 silly placeDep node_modules/body-parser content-type@2.0.0 OK for: body-parser@2.3.0 want: ^2.0.0
429 silly placeDep node_modules/body-parser iconv-lite@0.7.3 OK for: body-parser@2.3.0 want: ^0.7.2
430 silly placeDep ROOT raw-body@3.0.2 OK for: body-parser@2.3.0 want: ^3.0.2
431 silly fetch manifest unpipe@~1.0.0
432 silly packumentCache full:https://registry.npmjs.org/unpipe cache-miss
433 silly fetch manifest iconv-lite@~0.7.0
434 silly packumentCache full:https://registry.npmjs.org/iconv-lite cache-hit
435 http fetch GET 200 https://registry.npmjs.org/unpipe 193ms (cache revalidated)
436 silly packumentCache full:https://registry.npmjs.org/unpipe set size:3609 disposed:false
437 silly placeDep ROOT ms@2.1.3 OK for: debug@4.4.3 want: ^2.1.3
438 silly placeDep ROOT asynckit@0.4.0 OK for: form-data@4.0.6 want: ^0.4.0
439 silly placeDep ROOT combined-stream@1.0.8 OK for: form-data@4.0.6 want: ^1.0.8
440 silly placeDep ROOT es-set-tostringtag@2.1.0 OK for: form-data@4.0.6 want: ^2.1.0
441 silly placeDep ROOT hasown@2.0.4 OK for: form-data@4.0.6 want: ^2.0.4
442 silly placeDep node_modules/form-data mime-types@2.1.35 OK for: form-data@4.0.6 want: ^2.1.35
443 silly fetch manifest delayed-stream@~1.0.0
444 silly packumentCache full:https://registry.npmjs.org/delayed-stream cache-miss
445 silly fetch manifest es-errors@^1.3.0
446 silly packumentCache full:https://registry.npmjs.org/es-errors cache-miss
447 silly fetch manifest get-intrinsic@^1.2.6
448 silly packumentCache full:https://registry.npmjs.org/get-intrinsic cache-miss
449 silly fetch manifest has-tostringtag@^1.0.2
450 silly packumentCache full:https://registry.npmjs.org/has-tostringtag cache-miss
451 silly fetch manifest hasown@^2.0.2
452 silly packumentCache full:https://registry.npmjs.org/hasown cache-hit
453 silly fetch manifest function-bind@^1.1.2
454 silly packumentCache full:https://registry.npmjs.org/function-bind cache-miss
455 silly fetch manifest mime-db@1.52.0
456 silly packumentCache full:https://registry.npmjs.org/mime-db cache-hit
457 http fetch GET 200 https://registry.npmjs.org/function-bind 227ms (cache revalidated)
458 silly packumentCache full:https://registry.npmjs.org/function-bind set size:15733 disposed:false
459 http fetch GET 200 https://registry.npmjs.org/has-tostringtag 237ms (cache revalidated)
460 silly packumentCache full:https://registry.npmjs.org/has-tostringtag set size:13945 disposed:false
461 http fetch GET 200 https://registry.npmjs.org/delayed-stream 249ms (cache revalidated)
462 silly packumentCache full:https://registry.npmjs.org/delayed-stream set size:15820 disposed:false
463 http fetch GET 200 https://registry.npmjs.org/get-intrinsic 250ms (cache revalidated)
464 silly packumentCache full:https://registry.npmjs.org/get-intrinsic set size:60985 disposed:false
465 http fetch GET 200 https://registry.npmjs.org/es-errors 367ms (cache revalidated)
466 silly packumentCache full:https://registry.npmjs.org/es-errors set size:16918 disposed:false
467 silly placeDep ROOT delayed-stream@1.0.0 OK for: combined-stream@1.0.8 want: ~1.0.0
468 silly placeDep ROOT es-errors@1.3.0 OK for: es-set-tostringtag@2.1.0 want: ^1.3.0
469 silly placeDep ROOT get-intrinsic@1.3.0 OK for: es-set-tostringtag@2.1.0 want: ^1.2.6
470 silly placeDep ROOT has-tostringtag@1.0.2 OK for: es-set-tostringtag@2.1.0 want: ^1.0.2
471 silly fetch manifest gopd@^1.2.0
472 silly packumentCache full:https://registry.npmjs.org/gopd cache-miss
473 silly fetch manifest get-proto@^1.0.1
474 silly packumentCache full:https://registry.npmjs.org/get-proto cache-miss
475 silly fetch manifest has-symbols@^1.1.0
476 silly packumentCache full:https://registry.npmjs.org/has-symbols cache-miss
477 silly fetch manifest es-object-atoms@^1.1.1
478 silly packumentCache full:https://registry.npmjs.org/es-object-atoms cache-miss
479 silly fetch manifest math-intrinsics@^1.1.0
480 silly packumentCache full:https://registry.npmjs.org/math-intrinsics cache-miss
481 silly fetch manifest call-bind-apply-helpers@^1.0.2
482 silly packumentCache full:https://registry.npmjs.org/call-bind-apply-helpers cache-miss
483 silly fetch manifest has-symbols@^1.0.3
484 silly packumentCache full:https://registry.npmjs.org/has-symbols cache-miss
485 http fetch GET 200 https://registry.npmjs.org/get-proto 214ms (cache revalidated)
486 silly packumentCache full:https://registry.npmjs.org/get-proto set size:8300 disposed:false
487 http fetch GET 200 https://registry.npmjs.org/has-symbols 207ms (cache revalidated)
488 silly packumentCache full:https://registry.npmjs.org/has-symbols set size:21550 disposed:false
489 http fetch GET 200 https://registry.npmjs.org/has-symbols 224ms (cache revalidated)
490 silly packumentCache full:https://registry.npmjs.org/has-symbols set size:21550 disposed:false
491 silly packumentCache full:https://registry.npmjs.org/has-symbols dispose
492 http fetch GET 200 https://registry.npmjs.org/math-intrinsics 242ms (cache revalidated)
493 silly packumentCache full:https://registry.npmjs.org/math-intrinsics set size:9265 disposed:false
494 http fetch GET 200 https://registry.npmjs.org/call-bind-apply-helpers 244ms (cache revalidated)
495 silly packumentCache full:https://registry.npmjs.org/call-bind-apply-helpers set size:12744 disposed:false
496 http fetch GET 200 https://registry.npmjs.org/gopd 262ms (cache revalidated)
497 silly packumentCache full:https://registry.npmjs.org/gopd set size:11483 disposed:false
498 http fetch GET 200 https://registry.npmjs.org/es-object-atoms 261ms (cache revalidated)
499 silly packumentCache full:https://registry.npmjs.org/es-object-atoms set size:18278 disposed:false
500 silly placeDep ROOT call-bind-apply-helpers@1.0.2 OK for: get-intrinsic@1.3.0 want: ^1.0.2
501 silly placeDep ROOT es-define-property@1.0.1 OK for: get-intrinsic@1.3.0 want: ^1.0.1
502 silly placeDep ROOT es-object-atoms@1.1.2 OK for: get-intrinsic@1.3.0 want: ^1.1.1
503 silly placeDep ROOT function-bind@1.1.2 OK for: get-intrinsic@1.3.0 want: ^1.1.2
504 silly placeDep ROOT get-proto@1.0.1 OK for: get-intrinsic@1.3.0 want: ^1.0.1
505 silly placeDep ROOT gopd@1.2.0 OK for: get-intrinsic@1.3.0 want: ^1.2.0
506 silly placeDep ROOT has-symbols@1.1.0 OK for: get-intrinsic@1.3.0 want: ^1.1.0
507 silly placeDep ROOT math-intrinsics@1.1.0 OK for: get-intrinsic@1.3.0 want: ^1.1.0
508 silly fetch manifest dunder-proto@^1.0.1
509 silly packumentCache full:https://registry.npmjs.org/dunder-proto cache-miss
510 http fetch GET 200 https://registry.npmjs.org/dunder-proto 185ms (cache revalidated)
511 silly packumentCache full:https://registry.npmjs.org/dunder-proto set size:8256 disposed:false
512 silly placeDep ROOT dunder-proto@1.0.1 OK for: get-proto@1.0.1 want: ^1.0.1
513 silly placeDep node_modules/htmlparser2 entities@7.0.1 OK for: htmlparser2@10.1.0 want: ^7.0.1
514 silly placeDep ROOT inherits@2.0.4 OK for: http-errors@2.0.1 want: ~2.0.4
515 silly placeDep ROOT setprototypeof@1.2.0 OK for: http-errors@2.0.1 want: ~1.2.0
516 silly placeDep ROOT toidentifier@1.0.1 OK for: http-errors@2.0.1 want: ~1.0.1
517 silly placeDep ROOT agent-base@6.0.2 OK for: https-proxy-agent@5.0.1 want: 6
518 silly placeDep ROOT safer-buffer@2.1.2 OK for: iconv-lite@0.6.3 want: >= 2.1.2 < 3.0.0
519 silly placeDep ROOT mime-db@1.54.0 OK for: mime-types@3.0.2 want: ^1.54.0
520 silly placeDep ROOT ee-first@1.1.1 OK for: on-finished@2.4.1 want: 1.1.1
521 silly placeDep ROOT wrappy@1.0.2 OK for: once@1.4.0 want: 1
522 silly placeDep node_modules/parse5 entities@6.0.1 OK for: parse5@7.3.0 want: ^6.0.0
523 silly placeDep ROOT forwarded@0.2.0 OK for: proxy-addr@2.0.7 want: 0.2.0
524 silly placeDep ROOT ipaddr.js@1.9.1 OK for: proxy-addr@2.0.7 want: 1.9.1
525 silly placeDep ROOT side-channel@1.1.1 OK for: qs@6.15.3 want: ^1.1.1
526 silly fetch manifest object-inspect@^1.13.4
527 silly packumentCache full:https://registry.npmjs.org/object-inspect cache-miss
528 silly fetch manifest side-channel-list@^1.0.1
529 silly packumentCache full:https://registry.npmjs.org/side-channel-list cache-miss
530 silly fetch manifest side-channel-map@^1.0.1
531 silly packumentCache full:https://registry.npmjs.org/side-channel-map cache-miss
532 silly fetch manifest side-channel-weakmap@^1.0.2
533 silly packumentCache full:https://registry.npmjs.org/side-channel-weakmap cache-miss
534 http fetch GET 200 https://registry.npmjs.org/side-channel-list 230ms (cache revalidated)
535 silly packumentCache full:https://registry.npmjs.org/side-channel-list set size:9021 disposed:false
536 http fetch GET 200 https://registry.npmjs.org/side-channel-weakmap 230ms (cache revalidated)
537 silly packumentCache full:https://registry.npmjs.org/side-channel-weakmap set size:12620 disposed:false
538 http fetch GET 200 https://registry.npmjs.org/side-channel-map 236ms (cache revalidated)
539 silly packumentCache full:https://registry.npmjs.org/side-channel-map set size:9126 disposed:false
540 http fetch GET 200 https://registry.npmjs.org/object-inspect 245ms (cache revalidated)
541 silly packumentCache full:https://registry.npmjs.org/object-inspect set size:101912 disposed:false
542 silly placeDep node_modules/raw-body iconv-lite@0.7.3 OK for: raw-body@3.0.2 want: ~0.7.0
543 silly placeDep ROOT unpipe@1.0.0 OK for: raw-body@3.0.2 want: ~1.0.0
544 silly placeDep ROOT is-promise@4.0.0 OK for: router@2.2.0 want: ^4.0.0
545 silly placeDep ROOT path-to-regexp@8.4.2 OK for: router@2.2.0 want: ^8.0.0
546 silly placeDep ROOT object-inspect@1.13.4 OK for: side-channel@1.1.1 want: ^1.13.4
547 silly placeDep ROOT side-channel-list@1.0.1 OK for: side-channel@1.1.1 want: ^1.0.1
548 silly placeDep ROOT side-channel-map@1.0.1 OK for: side-channel@1.1.1 want: ^1.0.1
549 silly placeDep ROOT side-channel-weakmap@1.0.2 OK for: side-channel@1.1.1 want: ^1.0.2
550 silly fetch manifest call-bound@^1.0.2
551 silly packumentCache full:https://registry.npmjs.org/call-bound cache-miss
552 silly fetch manifest call-bound@^1.0.2
553 silly packumentCache full:https://registry.npmjs.org/call-bound cache-miss
554 http fetch GET 200 https://registry.npmjs.org/call-bound 233ms (cache revalidated)
555 silly packumentCache full:https://registry.npmjs.org/call-bound set size:15317 disposed:false
556 http fetch GET 200 https://registry.npmjs.org/call-bound 240ms (cache revalidated)
557 silly packumentCache full:https://registry.npmjs.org/call-bound set size:15317 disposed:false
558 silly packumentCache full:https://registry.npmjs.org/call-bound dispose
559 silly placeDep ROOT call-bound@1.0.4 OK for: side-channel-map@1.0.1 want: ^1.0.2
560 silly placeDep node_modules/type-is content-type@2.0.0 OK for: type-is@2.1.0 want: ^2.0.0
561 silly placeDep ROOT media-typer@1.1.0 OK for: type-is@2.1.0 want: ^1.1.0
562 silly placeDep node_modules/form-data mime-db@1.52.0 OK for: mime-types@2.1.35 want: 1.52.0
563 silly reify moves {}
564 silly audit bulk request {
564 silly audit   axios: [ '1.18.1' ],
564 silly audit   cheerio: [ '1.2.0' ],
564 silly audit   express: [ '5.2.1' ],
564 silly audit   'follow-redirects': [ '1.16.0' ],
564 silly audit   'form-data': [ '4.0.6' ],
564 silly audit   'https-proxy-agent': [ '5.0.1' ],
564 silly audit   'proxy-from-env': [ '2.1.0' ],
564 silly audit   'cheerio-select': [ '2.1.0' ],
564 silly audit   'dom-serializer': [ '2.0.0' ],
564 silly audit   domhandler: [ '5.0.3' ],
564 silly audit   domutils: [ '3.2.2' ],
564 silly audit   'encoding-sniffer': [ '0.2.1' ],
564 silly audit   htmlparser2: [ '10.1.0' ],
564 silly audit   parse5: [ '7.3.0' ],
564 silly audit   'parse5-htmlparser2-tree-adapter': [ '7.1.0' ],
564 silly audit   'parse5-parser-stream': [ '7.1.2' ],
564 silly audit   undici: [ '7.28.0' ],
564 silly audit   'whatwg-mimetype': [ '4.0.0' ],
564 silly audit   boolbase: [ '1.0.0' ],
564 silly audit   'css-select': [ '5.2.2' ],
564 silly audit   'css-what': [ '6.2.2' ],
564 silly audit   domelementtype: [ '2.3.0' ],
564 silly audit   'nth-check': [ '2.1.1' ],
564 silly audit   entities: [ '4.5.0', '7.0.1', '6.0.1' ],
564 silly audit   'iconv-lite': [ '0.6.3', '0.7.3' ],
564 silly audit   'whatwg-encoding': [ '3.1.1' ],
564 silly audit   accepts: [ '2.0.0' ],
564 silly audit   'body-parser': [ '2.3.0' ],
564 silly audit   'content-disposition': [ '1.1.0' ],
564 silly audit   'content-type': [ '1.0.5', '2.0.0' ],
564 silly audit   cookie: [ '0.7.2' ],
564 silly audit   'cookie-signature': [ '1.2.2' ],
564 silly audit   debug: [ '4.4.3' ],
564 silly audit   depd: [ '2.0.0' ],
564 silly audit   encodeurl: [ '2.0.0' ],
564 silly audit   'escape-html': [ '1.0.3' ],
564 silly audit   etag: [ '1.8.1' ],
564 silly audit   finalhandler: [ '2.1.1' ],
564 silly audit   fresh: [ '2.0.0' ],
564 silly audit   'http-errors': [ '2.0.1' ],
564 silly audit   'merge-descriptors': [ '2.0.0' ],
564 silly audit   'mime-types': [ '3.0.2', '2.1.35' ],
564 silly audit   'on-finished': [ '2.4.1' ],
564 silly audit   once: [ '1.4.0' ],
564 silly audit   parseurl: [ '1.3.3' ],
564 silly audit   'proxy-addr': [ '2.0.7' ],
564 silly audit   qs: [ '6.15.3' ],
564 silly audit   'range-parser': [ '1.3.0' ],
564 silly audit   router: [ '2.2.0' ],
564 silly audit   send: [ '1.2.1' ],
564 silly audit   'serve-static': [ '2.2.1' ],
564 silly audit   statuses: [ '2.0.2' ],
564 silly audit   'type-is': [ '2.1.0' ],
564 silly audit   vary: [ '1.1.2' ],
564 silly audit   negotiator: [ '1.0.0' ],
564 silly audit   bytes: [ '3.1.2' ],
564 silly audit   'raw-body': [ '3.0.2' ],
564 silly audit   ms: [ '2.1.3' ],
564 silly audit   asynckit: [ '0.4.0' ],
564 silly audit   'combined-stream': [ '1.0.8' ],
564 silly audit   'es-set-tostringtag': [ '2.1.0' ],
564 silly audit   hasown: [ '2.0.4' ],
564 silly audit   'delayed-stream': [ '1.0.0' ],
564 silly audit   'es-errors': [ '1.3.0' ],
564 silly audit   'get-intrinsic': [ '1.3.0' ],
564 silly audit   'has-tostringtag': [ '1.0.2' ],
564 silly audit   'call-bind-apply-helpers': [ '1.0.2' ],
564 silly audit   'es-define-property': [ '1.0.1' ],
564 silly audit   'es-object-atoms': [ '1.1.2' ],
564 silly audit   'function-bind': [ '1.1.2' ],
564 silly audit   'get-proto': [ '1.0.1' ],
564 silly audit   gopd: [ '1.2.0' ],
564 silly audit   'has-symbols': [ '1.1.0' ],
564 silly audit   'math-intrinsics': [ '1.1.0' ],
564 silly audit   'dunder-proto': [ '1.0.1' ],
564 silly audit   inherits: [ '2.0.4' ],
564 silly audit   setprototypeof: [ '1.2.0' ],
564 silly audit   toidentifier: [ '1.0.1' ],
564 silly audit   'agent-base': [ '6.0.2' ],
564 silly audit   'safer-buffer': [ '2.1.2' ],
564 silly audit   'mime-db': [ '1.54.0', '1.52.0' ],
564 silly audit   'ee-first': [ '1.1.1' ],
564 silly audit   wrappy: [ '1.0.2' ],
564 silly audit   forwarded: [ '0.2.0' ],
564 silly audit   'ipaddr.js': [ '1.9.1' ],
564 silly audit   'side-channel': [ '1.1.1' ],
564 silly audit   unpipe: [ '1.0.0' ],
564 silly audit   'is-promise': [ '4.0.0' ],
564 silly audit   'path-to-regexp': [ '8.4.2' ],
564 silly audit   'object-inspect': [ '1.13.4' ],
564 silly audit   'side-channel-list': [ '1.0.1' ],
564 silly audit   'side-channel-map': [ '1.0.1' ],
564 silly audit   'side-channel-weakmap': [ '1.0.2' ],
564 silly audit   'call-bound': [ '1.0.4' ],
564 silly audit   'media-typer': [ '1.1.0' ]
564 silly audit }
565 http cache media-typer@https://registry.npmjs.org/media-typer/-/media-typer-1.1.0.tgz 0ms (cache hit)
566 http cache side-channel-weakmap@https://registry.npmjs.org/side-channel-weakmap/-/side-channel-weakmap-1.0.2.tgz 0ms (cache hit)
567 http cache side-channel-map@https://registry.npmjs.org/side-channel-map/-/side-channel-map-1.0.1.tgz 0ms (cache hit)
568 http cache call-bound@https://registry.npmjs.org/call-bound/-/call-bound-1.0.4.tgz 0ms (cache hit)
569 http cache side-channel-list@https://registry.npmjs.org/side-channel-list/-/side-channel-list-1.0.1.tgz 0ms (cache hit)
570 http cache object-inspect@https://registry.npmjs.org/object-inspect/-/object-inspect-1.13.4.tgz 0ms (cache hit)
571 http cache path-to-regexp@https://registry.npmjs.org/path-to-regexp/-/path-to-regexp-8.4.2.tgz 0ms (cache hit)
572 http cache is-promise@https://registry.npmjs.org/is-promise/-/is-promise-4.0.0.tgz 0ms (cache hit)
573 http cache unpipe@https://registry.npmjs.org/unpipe/-/unpipe-1.0.0.tgz 0ms (cache hit)
574 http cache ipaddr.js@https://registry.npmjs.org/ipaddr.js/-/ipaddr.js-1.9.1.tgz 0ms (cache hit)
575 http cache side-channel@https://registry.npmjs.org/side-channel/-/side-channel-1.1.1.tgz 0ms (cache hit)
576 http cache forwarded@https://registry.npmjs.org/forwarded/-/forwarded-0.2.0.tgz 1ms (cache hit)
577 http cache ee-first@https://registry.npmjs.org/ee-first/-/ee-first-1.1.1.tgz 0ms (cache hit)
578 http cache wrappy@https://registry.npmjs.org/wrappy/-/wrappy-1.0.2.tgz 0ms (cache hit)
579 http cache mime-db@https://registry.npmjs.org/mime-db/-/mime-db-1.54.0.tgz 0ms (cache hit)
580 http cache agent-base@https://registry.npmjs.org/agent-base/-/agent-base-6.0.2.tgz 0ms (cache hit)
581 http cache toidentifier@https://registry.npmjs.org/toidentifier/-/toidentifier-1.0.1.tgz 0ms (cache hit)
582 http cache inherits@https://registry.npmjs.org/inherits/-/inherits-2.0.4.tgz 0ms (cache hit)
583 http cache setprototypeof@https://registry.npmjs.org/setprototypeof/-/setprototypeof-1.2.0.tgz 0ms (cache hit)
584 http cache safer-buffer@https://registry.npmjs.org/safer-buffer/-/safer-buffer-2.1.2.tgz 0ms (cache hit)
585 http cache dunder-proto@https://registry.npmjs.org/dunder-proto/-/dunder-proto-1.0.1.tgz 0ms (cache hit)
586 http cache has-symbols@https://registry.npmjs.org/has-symbols/-/has-symbols-1.1.0.tgz 0ms (cache hit)
587 http cache math-intrinsics@https://registry.npmjs.org/math-intrinsics/-/math-intrinsics-1.1.0.tgz 0ms (cache hit)
588 http cache get-proto@https://registry.npmjs.org/get-proto/-/get-proto-1.0.1.tgz 0ms (cache hit)
589 http cache gopd@https://registry.npmjs.org/gopd/-/gopd-1.2.0.tgz 0ms (cache hit)
590 http cache function-bind@https://registry.npmjs.org/function-bind/-/function-bind-1.1.2.tgz 0ms (cache hit)
591 http cache es-define-property@https://registry.npmjs.org/es-define-property/-/es-define-property-1.0.1.tgz 0ms (cache hit)
592 http cache es-object-atoms@https://registry.npmjs.org/es-object-atoms/-/es-object-atoms-1.1.2.tgz 0ms (cache hit)
593 http cache call-bind-apply-helpers@https://registry.npmjs.org/call-bind-apply-helpers/-/call-bind-apply-helpers-1.0.2.tgz 0ms (cache hit)
594 http cache has-tostringtag@https://registry.npmjs.org/has-tostringtag/-/has-tostringtag-1.0.2.tgz 0ms (cache hit)
595 http cache get-intrinsic@https://registry.npmjs.org/get-intrinsic/-/get-intrinsic-1.3.0.tgz 0ms (cache hit)
596 http cache es-errors@https://registry.npmjs.org/es-errors/-/es-errors-1.3.0.tgz 0ms (cache hit)
597 http cache delayed-stream@https://registry.npmjs.org/delayed-stream/-/delayed-stream-1.0.0.tgz 0ms (cache hit)
598 http cache hasown@https://registry.npmjs.org/hasown/-/hasown-2.0.4.tgz 0ms (cache hit)
599 http cache es-set-tostringtag@https://registry.npmjs.org/es-set-tostringtag/-/es-set-tostringtag-2.1.0.tgz 1ms (cache hit)
600 http cache combined-stream@https://registry.npmjs.org/combined-stream/-/combined-stream-1.0.8.tgz 0ms (cache hit)
601 http cache asynckit@https://registry.npmjs.org/asynckit/-/asynckit-0.4.0.tgz 0ms (cache hit)
602 http cache ms@https://registry.npmjs.org/ms/-/ms-2.1.3.tgz 0ms (cache hit)
603 http cache raw-body@https://registry.npmjs.org/raw-body/-/raw-body-3.0.2.tgz 0ms (cache hit)
604 http cache bytes@https://registry.npmjs.org/bytes/-/bytes-3.1.2.tgz 0ms (cache hit)
605 http cache negotiator@https://registry.npmjs.org/negotiator/-/negotiator-1.0.0.tgz 0ms (cache hit)
606 http cache statuses@https://registry.npmjs.org/statuses/-/statuses-2.0.2.tgz 0ms (cache hit)
607 http cache serve-static@https://registry.npmjs.org/serve-static/-/serve-static-2.2.1.tgz 0ms (cache hit)
608 http cache send@https://registry.npmjs.org/send/-/send-1.2.1.tgz 0ms (cache hit)
609 http cache vary@https://registry.npmjs.org/vary/-/vary-1.1.2.tgz 0ms (cache hit)
610 http cache router@https://registry.npmjs.org/router/-/router-2.2.0.tgz 0ms (cache hit)
611 http cache qs@https://registry.npmjs.org/qs/-/qs-6.15.3.tgz 0ms (cache hit)
612 http cache type-is@https://registry.npmjs.org/type-is/-/type-is-2.1.0.tgz 0ms (cache hit)
613 http cache proxy-addr@https://registry.npmjs.org/proxy-addr/-/proxy-addr-2.0.7.tgz 0ms (cache hit)
614 http cache parseurl@https://registry.npmjs.org/parseurl/-/parseurl-1.3.3.tgz 0ms (cache hit)
615 http cache range-parser@https://registry.npmjs.org/range-parser/-/range-parser-1.3.0.tgz 0ms (cache hit)
616 http cache once@https://registry.npmjs.org/once/-/once-1.4.0.tgz 0ms (cache hit)
617 http cache on-finished@https://registry.npmjs.org/on-finished/-/on-finished-2.4.1.tgz 0ms (cache hit)
618 http cache mime-types@https://registry.npmjs.org/mime-types/-/mime-types-3.0.2.tgz 1ms (cache hit)
619 http cache merge-descriptors@https://registry.npmjs.org/merge-descriptors/-/merge-descriptors-2.0.0.tgz 0ms (cache hit)
620 http cache fresh@https://registry.npmjs.org/fresh/-/fresh-2.0.0.tgz 0ms (cache hit)
621 http cache http-errors@https://registry.npmjs.org/http-errors/-/http-errors-2.0.1.tgz 0ms (cache hit)
622 http cache finalhandler@https://registry.npmjs.org/finalhandler/-/finalhandler-2.1.1.tgz 0ms (cache hit)
623 http cache etag@https://registry.npmjs.org/etag/-/etag-1.8.1.tgz 0ms (cache hit)
624 http cache escape-html@https://registry.npmjs.org/escape-html/-/escape-html-1.0.3.tgz 0ms (cache hit)
625 http cache depd@https://registry.npmjs.org/depd/-/depd-2.0.0.tgz 0ms (cache hit)
626 http cache encodeurl@https://registry.npmjs.org/encodeurl/-/encodeurl-2.0.0.tgz 0ms (cache hit)
627 http cache debug@https://registry.npmjs.org/debug/-/debug-4.4.3.tgz 0ms (cache hit)
628 http cache cookie-signature@https://registry.npmjs.org/cookie-signature/-/cookie-signature-1.2.2.tgz 0ms (cache hit)
629 http cache content-type@https://registry.npmjs.org/content-type/-/content-type-1.0.5.tgz 0ms (cache hit)
630 http cache cookie@https://registry.npmjs.org/cookie/-/cookie-0.7.2.tgz 0ms (cache hit)
631 http cache content-disposition@https://registry.npmjs.org/content-disposition/-/content-disposition-1.1.0.tgz 0ms (cache hit)
632 http cache body-parser@https://registry.npmjs.org/body-parser/-/body-parser-2.3.0.tgz 0ms (cache hit)
633 http cache accepts@https://registry.npmjs.org/accepts/-/accepts-2.0.0.tgz 0ms (cache hit)
634 http cache whatwg-encoding@https://registry.npmjs.org/whatwg-encoding/-/whatwg-encoding-3.1.1.tgz 0ms (cache hit)
635 http cache iconv-lite@https://registry.npmjs.org/iconv-lite/-/iconv-lite-0.6.3.tgz 0ms (cache hit)
636 http cache entities@https://registry.npmjs.org/entities/-/entities-4.5.0.tgz 0ms (cache hit)
637 http cache nth-check@https://registry.npmjs.org/nth-check/-/nth-check-2.1.1.tgz 0ms (cache hit)
638 http cache domelementtype@https://registry.npmjs.org/domelementtype/-/domelementtype-2.3.0.tgz 0ms (cache hit)
639 http cache css-what@https://registry.npmjs.org/css-what/-/css-what-6.2.2.tgz 0ms (cache hit)
640 http cache css-select@https://registry.npmjs.org/css-select/-/css-select-5.2.2.tgz 0ms (cache hit)
641 http cache boolbase@https://registry.npmjs.org/boolbase/-/boolbase-1.0.0.tgz 0ms (cache hit)
642 http cache whatwg-mimetype@https://registry.npmjs.org/whatwg-mimetype/-/whatwg-mimetype-4.0.0.tgz 0ms (cache hit)
643 http cache undici@https://registry.npmjs.org/undici/-/undici-7.28.0.tgz 0ms (cache hit)
644 http cache parse5-parser-stream@https://registry.npmjs.org/parse5-parser-stream/-/parse5-parser-stream-7.1.2.tgz 0ms (cache hit)
645 http cache parse5-htmlparser2-tree-adapter@https://registry.npmjs.org/parse5-htmlparser2-tree-adapter/-/parse5-htmlparser2-tree-adapter-7.1.0.tgz 0ms (cache hit)
646 http cache parse5@https://registry.npmjs.org/parse5/-/parse5-7.3.0.tgz 0ms (cache hit)
647 http cache htmlparser2@https://registry.npmjs.org/htmlparser2/-/htmlparser2-10.1.0.tgz 1ms (cache hit)
648 http cache encoding-sniffer@https://registry.npmjs.org/encoding-sniffer/-/encoding-sniffer-0.2.1.tgz 0ms (cache hit)
649 http cache domutils@https://registry.npmjs.org/domutils/-/domutils-3.2.2.tgz 0ms (cache hit)
650 http cache domhandler@https://registry.npmjs.org/domhandler/-/domhandler-5.0.3.tgz 1ms (cache hit)
651 http cache dom-serializer@https://registry.npmjs.org/dom-serializer/-/dom-serializer-2.0.0.tgz 0ms (cache hit)
652 http cache cheerio-select@https://registry.npmjs.org/cheerio-select/-/cheerio-select-2.1.0.tgz 0ms (cache hit)
653 http cache proxy-from-env@https://registry.npmjs.org/proxy-from-env/-/proxy-from-env-2.1.0.tgz 0ms (cache hit)
654 http cache form-data@https://registry.npmjs.org/form-data/-/form-data-4.0.6.tgz 0ms (cache hit)
655 http cache https-proxy-agent@https://registry.npmjs.org/https-proxy-agent/-/https-proxy-agent-5.0.1.tgz 0ms (cache hit)
656 http cache follow-redirects@https://registry.npmjs.org/follow-redirects/-/follow-redirects-1.16.0.tgz 1ms (cache hit)
657 http cache express@https://registry.npmjs.org/express/-/express-5.2.1.tgz 0ms (cache hit)
658 http cache cheerio@https://registry.npmjs.org/cheerio/-/cheerio-1.2.0.tgz 0ms (cache hit)
659 http cache axios@https://registry.npmjs.org/axios/-/axios-1.18.1.tgz 0ms (cache hit)
660 http cache iconv-lite@https://registry.npmjs.org/iconv-lite/-/iconv-lite-0.7.3.tgz 0ms (cache hit)
661 http cache content-type@https://registry.npmjs.org/content-type/-/content-type-2.0.0.tgz 0ms (cache hit)
662 http cache iconv-lite@https://registry.npmjs.org/iconv-lite/-/iconv-lite-0.7.3.tgz 0ms (cache hit)
663 http cache content-type@https://registry.npmjs.org/content-type/-/content-type-2.0.0.tgz 0ms (cache hit)
664 http cache entities@https://registry.npmjs.org/entities/-/entities-6.0.1.tgz 0ms (cache hit)
665 http cache entities@https://registry.npmjs.org/entities/-/entities-7.0.1.tgz 0ms (cache hit)
666 http cache mime-types@https://registry.npmjs.org/mime-types/-/mime-types-2.1.35.tgz 0ms (cache hit)
667 http cache mime-db@https://registry.npmjs.org/mime-db/-/mime-db-1.52.0.tgz 0ms (cache hit)
668 http fetch POST 200 https://registry.npmjs.org/-/npm/v1/security/advisories/bulk 1066ms
669 silly audit report {}
670 warn deprecated whatwg-encoding@3.1.1: Use @exodus/bytes instead for a more spec-conformant and faster implementation
671 silly ADD node_modules/media-typer
672 silly ADD node_modules/call-bound
673 silly ADD node_modules/side-channel-weakmap
674 silly ADD node_modules/side-channel-map
675 silly ADD node_modules/side-channel-list
676 silly ADD node_modules/object-inspect
677 silly ADD node_modules/path-to-regexp
678 silly ADD node_modules/is-promise
679 silly ADD node_modules/unpipe
680 silly ADD node_modules/side-channel
681 silly ADD node_modules/ipaddr.js
682 silly ADD node_modules/forwarded
683 silly ADD node_modules/wrappy
684 silly ADD node_modules/ee-first
685 silly ADD node_modules/mime-db
686 silly ADD node_modules/safer-buffer
687 silly ADD node_modules/agent-base
688 silly ADD node_modules/toidentifier
689 silly ADD node_modules/setprototypeof
690 silly ADD node_modules/inherits
691 silly ADD node_modules/dunder-proto
692 silly ADD node_modules/math-intrinsics
693 silly ADD node_modules/has-symbols
694 silly ADD node_modules/gopd
695 silly ADD node_modules/get-proto
696 silly ADD node_modules/function-bind
697 silly ADD node_modules/es-object-atoms
698 silly ADD node_modules/es-define-property
699 silly ADD node_modules/call-bind-apply-helpers
700 silly ADD node_modules/has-tostringtag
701 silly ADD node_modules/get-intrinsic
702 silly ADD node_modules/es-errors
703 silly ADD node_modules/delayed-stream
704 silly ADD node_modules/hasown
705 silly ADD node_modules/es-set-tostringtag
706 silly ADD node_modules/combined-stream
707 silly ADD node_modules/asynckit
708 silly ADD node_modules/ms
709 silly ADD node_modules/raw-body
710 silly ADD node_modules/raw-body/node_modules/iconv-lite
711 silly ADD node_modules/bytes
712 silly ADD node_modules/negotiator
713 silly ADD node_modules/vary
714 silly ADD node_modules/type-is
715 silly ADD node_modules/type-is/node_modules/content-type
716 silly ADD node_modules/statuses
717 silly ADD node_modules/serve-static
718 silly ADD node_modules/send
719 silly ADD node_modules/router
720 silly ADD node_modules/range-parser
721 silly ADD node_modules/qs
722 silly ADD node_modules/proxy-addr
723 silly ADD node_modules/parseurl
724 silly ADD node_modules/once
725 silly ADD node_modules/on-finished
726 silly ADD node_modules/mime-types
727 silly ADD node_modules/merge-descriptors
728 silly ADD node_modules/http-errors
729 silly ADD node_modules/fresh
730 silly ADD node_modules/finalhandler
731 silly ADD node_modules/etag
732 silly ADD node_modules/escape-html
733 silly ADD node_modules/encodeurl
734 silly ADD node_modules/depd
735 silly ADD node_modules/debug
736 silly ADD node_modules/cookie-signature
737 silly ADD node_modules/cookie
738 silly ADD node_modules/content-type
739 silly ADD node_modules/content-disposition
740 silly ADD node_modules/body-parser
741 silly ADD node_modules/body-parser/node_modules/iconv-lite
742 silly ADD node_modules/body-parser/node_modules/content-type
743 silly ADD node_modules/accepts
744 silly ADD node_modules/whatwg-encoding
745 silly ADD node_modules/iconv-lite
746 silly ADD node_modules/entities
747 silly ADD node_modules/nth-check
748 silly ADD node_modules/domelementtype
749 silly ADD node_modules/css-what
750 silly ADD node_modules/css-select
751 silly ADD node_modules/boolbase
752 silly ADD node_modules/whatwg-mimetype
753 silly ADD node_modules/undici
754 silly ADD node_modules/parse5-parser-stream
755 silly ADD node_modules/parse5-htmlparser2-tree-adapter
756 silly ADD node_modules/parse5
757 silly ADD node_modules/parse5/node_modules/entities
758 silly ADD node_modules/htmlparser2
759 silly ADD node_modules/htmlparser2/node_modules/entities
760 silly ADD node_modules/encoding-sniffer
761 silly ADD node_modules/domutils
762 silly ADD node_modules/domhandler
763 silly ADD node_modules/dom-serializer
764 silly ADD node_modules/cheerio-select
765 silly ADD node_modules/proxy-from-env
766 silly ADD node_modules/https-proxy-agent
767 silly ADD node_modules/form-data
768 silly ADD node_modules/form-data/node_modules/mime-db
769 silly ADD node_modules/form-data/node_modules/mime-types
770 silly ADD node_modules/follow-redirects
771 silly ADD node_modules/express
772 silly ADD node_modules/cheerio
773 silly ADD node_modules/axios
774 verbose cwd /data/data/com.termux/files/home/cineflix-api
775 verbose os Linux 5.15.194-android13-8-00014-g3af317d1a3d8-ab14850512
776 verbose node v26.3.1
777 verbose npm  v11.17.0
778 verbose exit 0
779 info ok
